[debug] [2019-03-23T00:58:15.066Z] ----------------------------------------------------------------------
[debug] [2019-03-23T00:58:15.069Z] Command:       C:\Program Files\nodejs\node.exe C:\Users\jtred\AppData\Roaming\npm\node_modules\firebase-tools\lib\bin\firebase.js serve
[debug] [2019-03-23T00:58:15.069Z] CLI Version:   6.5.0
[debug] [2019-03-23T00:58:15.069Z] Platform:      win32
[debug] [2019-03-23T00:58:15.069Z] Node Version:  v10.13.0
[debug] [2019-03-23T00:58:15.070Z] Time:          Fri Mar 22 2019 17:58:15 GMT-0700 (Pacific Daylight Time)
[debug] [2019-03-23T00:58:15.070Z] ----------------------------------------------------------------------
[debug] 
[debug] [2019-03-23T00:58:15.083Z] > command requires scopes: ["email","openid","https://www.googleapis.com/auth/cloudplatformprojects.readonly","https://www.googleapis.com/auth/firebase","https://www.googleapis.com/auth/cloud-platform"]
[debug] [2019-03-23T00:58:15.084Z] > authorizing via signed-in user
[debug] [2019-03-23T00:58:15.084Z] [iam] checking project fnlvirtualmuseum for permissions ["firebase.projects.get"]
[debug] [2019-03-23T00:58:15.087Z] >>> HTTP REQUEST POST https://cloudresourcemanager.googleapis.com/v1/projects/fnlvirtualmuseum:testIamPermissions  

[debug] [2019-03-23T00:58:15.450Z] <<< HTTP RESPONSE 200
[debug] [2019-03-23T00:58:15.454Z] >>> HTTP REQUEST GET https://cloudresourcemanager.googleapis.com/v1/projects/fnlvirtualmuseum  
 
[debug] [2019-03-23T00:58:15.778Z] <<< HTTP RESPONSE 200
[info] 
[info] === Serving from 'C:\Users\jtred\Documents\Firebase\virtualMuseum'...
[info] 
[debug] [2019-03-23T00:58:15.788Z] >>> HTTP REQUEST GET https://mobilesdk-pa.googleapis.com/v1/projects/414769018527/clients/_:getWebAppConfig  
 
[debug] [2019-03-23T00:58:16.160Z] <<< HTTP RESPONSE 200
[info] i  hosting: Serving hosting files from: public
[info] +  hosting: Local server: http://localhost:5000
